<?xml version="1.0" encoding="UTF-8"?><testsuite failures="9" name="cucumber.runtime.formatter.JUnitFormatter" skipped="0" tests="9" time="0.663632">
<testcase classname="Book flight tickets" name="Find and book flight tickets" time="0.53794">
<failure message="java.lang.NullPointerException&#13;&#10;&#9;at com.CucumberCraft.supportLibraries.DriverManager.getDriver(DriverManager.java:31)&#13;&#10;&#9;at com.CucumberCraft.stepDefinitions.GeneralStepDefs.&lt;init&gt;(GeneralStepDefs.java:16)&#13;&#10;&#9;at java.base/jdk.internal.reflect.NativeConstructorAccessorImpl.newInstance0(Native Method)&#13;&#10;&#9;at java.base/jdk.internal.reflect.NativeConstructorAccessorImpl.newInstance(NativeConstructorAccessorImpl.java:62)&#13;&#10;&#9;at java.base/jdk.internal.reflect.DelegatingConstructorAccessorImpl.newInstance(DelegatingConstructorAccessorImpl.java:45)&#13;&#10;&#9;at java.base/java.lang.reflect.Constructor.newInstance(Constructor.java:490)&#13;&#10;&#9;at org.picocontainer.injectors.AbstractInjector.newInstance(AbstractInjector.java:145)&#13;&#10;&#9;at org.picocontainer.injectors.ConstructorInjector$1.run(ConstructorInjector.java:342)&#13;&#10;&#9;at org.picocontainer.injectors.AbstractInjector$ThreadLocalCyclicDependencyGuard.observe(AbstractInjector.java:270)&#13;&#10;&#9;at org.picocontainer.injectors.ConstructorInjector.getComponentInstance(ConstructorInjector.java:364)&#13;&#10;&#9;at org.picocontainer.behaviors.AbstractBehavior.getComponentInstance(AbstractBehavior.java:64)&#13;&#10;&#9;at org.picocontainer.behaviors.Stored.getComponentInstance(Stored.java:91)&#13;&#10;&#9;at org.picocontainer.DefaultPicoContainer.getInstance(DefaultPicoContainer.java:699)&#13;&#10;&#9;at org.picocontainer.DefaultPicoContainer.getComponent(DefaultPicoContainer.java:647)&#13;&#10;&#9;at org.picocontainer.DefaultPicoContainer.getComponent(DefaultPicoContainer.java:678)&#13;&#10;&#9;at cucumber.runtime.java.picocontainer.PicoFactory.getInstance(PicoFactory.java:37)&#13;&#10;&#9;at cucumber.runtime.java.JavaStepDefinition.execute(JavaStepDefinition.java:38)&#13;&#10;&#9;at cucumber.runtime.StepDefinitionMatch.runStep(StepDefinitionMatch.java:37)&#13;&#10;&#9;at cucumber.runtime.Runtime.runStep(Runtime.java:300)&#13;&#10;&#9;at cucumber.runtime.model.StepContainer.runStep(StepContainer.java:44)&#13;&#10;&#9;at cucumber.runtime.model.StepContainer.runSteps(StepContainer.java:39)&#13;&#10;&#9;at cucumber.runtime.model.CucumberScenario.runBackground(CucumberScenario.java:59)&#13;&#10;&#9;at cucumber.runtime.model.CucumberScenario.run(CucumberScenario.java:42)&#13;&#10;&#9;at cucumber.runtime.model.CucumberFeature.run(CucumberFeature.java:165)&#13;&#10;&#9;at cucumber.api.testng.TestNGCucumberRunner.runCucumber(TestNGCucumberRunner.java:63)&#13;&#10;&#9;at cucumber.api.testng.AbstractTestNGCucumberTests.feature(AbstractTestNGCucumberTests.java:21)&#13;&#10;&#9;at java.base/jdk.internal.reflect.NativeMethodAccessorImpl.invoke0(Native Method)&#13;&#10;&#9;at java.base/jdk.internal.reflect.NativeMethodAccessorImpl.invoke(NativeMethodAccessorImpl.java:62)&#13;&#10;&#9;at java.base/jdk.internal.reflect.DelegatingMethodAccessorImpl.invoke(DelegatingMethodAccessorImpl.java:43)&#13;&#10;&#9;at java.base/java.lang.reflect.Method.invoke(Method.java:566)&#13;&#10;&#9;at org.testng.internal.MethodInvocationHelper.invokeMethod(MethodInvocationHelper.java:86)&#13;&#10;&#9;at org.testng.internal.Invoker.invokeMethod(Invoker.java:643)&#13;&#10;&#9;at org.testng.internal.Invoker.invokeTestMethod(Invoker.java:820)&#13;&#10;&#9;at org.testng.internal.Invoker.invokeTestMethods(Invoker.java:1128)&#13;&#10;&#9;at org.testng.internal.TestMethodWorker.invokeTestMethods(TestMethodWorker.java:129)&#13;&#10;&#9;at org.testng.internal.TestMethodWorker.run(TestMethodWorker.java:112)&#13;&#10;&#9;at org.testng.TestRunner.privateRun(TestRunner.java:782)&#13;&#10;&#9;at org.testng.TestRunner.run(TestRunner.java:632)&#13;&#10;&#9;at org.testng.SuiteRunner.runTest(SuiteRunner.java:366)&#13;&#10;&#9;at org.testng.SuiteRunner.access$000(SuiteRunner.java:39)&#13;&#10;&#9;at org.testng.SuiteRunner$SuiteWorker.run(SuiteRunner.java:400)&#13;&#10;&#9;at org.testng.internal.thread.ThreadUtil$2.call(ThreadUtil.java:64)&#13;&#10;&#9;at java.base/java.util.concurrent.FutureTask.run(FutureTask.java:264)&#13;&#10;&#9;at java.base/java.util.concurrent.ThreadPoolExecutor.runWorker(ThreadPoolExecutor.java:1128)&#13;&#10;&#9;at java.base/java.util.concurrent.ThreadPoolExecutor$Worker.run(ThreadPoolExecutor.java:628)&#13;&#10;&#9;at java.base/java.lang.Thread.run(Thread.java:834)&#13;&#10;&#9;at ✽.Given I am in the login page of the application(BookFlightTickets.feature:7)&#13;&#10;"><![CDATA[Given I am in the login page of the application.............................failed
And I login using the valid username mercury and the valid password mercury.skipped
Given I search for flights using the following criteria:....................skipped
And I select the first available flight.....................................skipped
And I book the tickets using the following passenger details:...............skipped
And I use the following credit card details:................................skipped
Then I should get a booking confirmation with a confirmation number.........skipped

StackTrace:
java.lang.NullPointerException
	at com.CucumberCraft.supportLibraries.DriverManager.getDriver(DriverManager.java:31)
	at com.CucumberCraft.stepDefinitions.GeneralStepDefs.<init>(GeneralStepDefs.java:16)
	at java.base/jdk.internal.reflect.NativeConstructorAccessorImpl.newInstance0(Native Method)
	at java.base/jdk.internal.reflect.NativeConstructorAccessorImpl.newInstance(NativeConstructorAccessorImpl.java:62)
	at java.base/jdk.internal.reflect.DelegatingConstructorAccessorImpl.newInstance(DelegatingConstructorAccessorImpl.java:45)
	at java.base/java.lang.reflect.Constructor.newInstance(Constructor.java:490)
	at org.picocontainer.injectors.AbstractInjector.newInstance(AbstractInjector.java:145)
	at org.picocontainer.injectors.ConstructorInjector$1.run(ConstructorInjector.java:342)
	at org.picocontainer.injectors.AbstractInjector$ThreadLocalCyclicDependencyGuard.observe(AbstractInjector.java:270)
	at org.picocontainer.injectors.ConstructorInjector.getComponentInstance(ConstructorInjector.java:364)
	at org.picocontainer.behaviors.AbstractBehavior.getComponentInstance(AbstractBehavior.java:64)
	at org.picocontainer.behaviors.Stored.getComponentInstance(Stored.java:91)
	at org.picocontainer.DefaultPicoContainer.getInstance(DefaultPicoContainer.java:699)
	at org.picocontainer.DefaultPicoContainer.getComponent(DefaultPicoContainer.java:647)
	at org.picocontainer.DefaultPicoContainer.getComponent(DefaultPicoContainer.java:678)
	at cucumber.runtime.java.picocontainer.PicoFactory.getInstance(PicoFactory.java:37)
	at cucumber.runtime.java.JavaStepDefinition.execute(JavaStepDefinition.java:38)
	at cucumber.runtime.StepDefinitionMatch.runStep(StepDefinitionMatch.java:37)
	at cucumber.runtime.Runtime.runStep(Runtime.java:300)
	at cucumber.runtime.model.StepContainer.runStep(StepContainer.java:44)
	at cucumber.runtime.model.StepContainer.runSteps(StepContainer.java:39)
	at cucumber.runtime.model.CucumberScenario.runBackground(CucumberScenario.java:59)
	at cucumber.runtime.model.CucumberScenario.run(CucumberScenario.java:42)
	at cucumber.runtime.model.CucumberFeature.run(CucumberFeature.java:165)
	at cucumber.api.testng.TestNGCucumberRunner.runCucumber(TestNGCucumberRunner.java:63)
	at cucumber.api.testng.AbstractTestNGCucumberTests.feature(AbstractTestNGCucumberTests.java:21)
	at java.base/jdk.internal.reflect.NativeMethodAccessorImpl.invoke0(Native Method)
	at java.base/jdk.internal.reflect.NativeMethodAccessorImpl.invoke(NativeMethodAccessorImpl.java:62)
	at java.base/jdk.internal.reflect.DelegatingMethodAccessorImpl.invoke(DelegatingMethodAccessorImpl.java:43)
	at java.base/java.lang.reflect.Method.invoke(Method.java:566)
	at org.testng.internal.MethodInvocationHelper.invokeMethod(MethodInvocationHelper.java:86)
	at org.testng.internal.Invoker.invokeMethod(Invoker.java:643)
	at org.testng.internal.Invoker.invokeTestMethod(Invoker.java:820)
	at org.testng.internal.Invoker.invokeTestMethods(Invoker.java:1128)
	at org.testng.internal.TestMethodWorker.invokeTestMethods(TestMethodWorker.java:129)
	at org.testng.internal.TestMethodWorker.run(TestMethodWorker.java:112)
	at org.testng.TestRunner.privateRun(TestRunner.java:782)
	at org.testng.TestRunner.run(TestRunner.java:632)
	at org.testng.SuiteRunner.runTest(SuiteRunner.java:366)
	at org.testng.SuiteRunner.access$000(SuiteRunner.java:39)
	at org.testng.SuiteRunner$SuiteWorker.run(SuiteRunner.java:400)
	at org.testng.internal.thread.ThreadUtil$2.call(ThreadUtil.java:64)
	at java.base/java.util.concurrent.FutureTask.run(FutureTask.java:264)
	at java.base/java.util.concurrent.ThreadPoolExecutor.runWorker(ThreadPoolExecutor.java:1128)
	at java.base/java.util.concurrent.ThreadPoolExecutor$Worker.run(ThreadPoolExecutor.java:628)
	at java.base/java.lang.Thread.run(Thread.java:834)
	at ✽.Given I am in the login page of the application(BookFlightTickets.feature:7)
]]></failure>
</testcase>
<testcase classname="Login" name="Login with invalid username and invalid password" time="0.008203">
<failure message="java.lang.NullPointerException&#13;&#10;&#9;at com.CucumberCraft.supportLibraries.DriverManager.getDriver(DriverManager.java:31)&#13;&#10;&#9;at com.CucumberCraft.stepDefinitions.GeneralStepDefs.&lt;init&gt;(GeneralStepDefs.java:16)&#13;&#10;&#9;at java.base/jdk.internal.reflect.NativeConstructorAccessorImpl.newInstance0(Native Method)&#13;&#10;&#9;at java.base/jdk.internal.reflect.NativeConstructorAccessorImpl.newInstance(NativeConstructorAccessorImpl.java:62)&#13;&#10;&#9;at java.base/jdk.internal.reflect.DelegatingConstructorAccessorImpl.newInstance(DelegatingConstructorAccessorImpl.java:45)&#13;&#10;&#9;at java.base/java.lang.reflect.Constructor.newInstance(Constructor.java:490)&#13;&#10;&#9;at org.picocontainer.injectors.AbstractInjector.newInstance(AbstractInjector.java:145)&#13;&#10;&#9;at org.picocontainer.injectors.ConstructorInjector$1.run(ConstructorInjector.java:342)&#13;&#10;&#9;at org.picocontainer.injectors.AbstractInjector$ThreadLocalCyclicDependencyGuard.observe(AbstractInjector.java:270)&#13;&#10;&#9;at org.picocontainer.injectors.ConstructorInjector.getComponentInstance(ConstructorInjector.java:364)&#13;&#10;&#9;at org.picocontainer.behaviors.AbstractBehavior.getComponentInstance(AbstractBehavior.java:64)&#13;&#10;&#9;at org.picocontainer.behaviors.Stored.getComponentInstance(Stored.java:91)&#13;&#10;&#9;at org.picocontainer.DefaultPicoContainer.getInstance(DefaultPicoContainer.java:699)&#13;&#10;&#9;at org.picocontainer.DefaultPicoContainer.getComponent(DefaultPicoContainer.java:647)&#13;&#10;&#9;at org.picocontainer.DefaultPicoContainer.getComponent(DefaultPicoContainer.java:678)&#13;&#10;&#9;at cucumber.runtime.java.picocontainer.PicoFactory.getInstance(PicoFactory.java:37)&#13;&#10;&#9;at cucumber.runtime.java.JavaStepDefinition.execute(JavaStepDefinition.java:38)&#13;&#10;&#9;at cucumber.runtime.StepDefinitionMatch.runStep(StepDefinitionMatch.java:37)&#13;&#10;&#9;at cucumber.runtime.Runtime.runStep(Runtime.java:300)&#13;&#10;&#9;at cucumber.runtime.model.StepContainer.runStep(StepContainer.java:44)&#13;&#10;&#9;at cucumber.runtime.model.StepContainer.runSteps(StepContainer.java:39)&#13;&#10;&#9;at cucumber.runtime.model.CucumberScenario.runBackground(CucumberScenario.java:59)&#13;&#10;&#9;at cucumber.runtime.model.CucumberScenario.run(CucumberScenario.java:42)&#13;&#10;&#9;at cucumber.runtime.model.CucumberFeature.run(CucumberFeature.java:165)&#13;&#10;&#9;at cucumber.api.testng.TestNGCucumberRunner.runCucumber(TestNGCucumberRunner.java:63)&#13;&#10;&#9;at cucumber.api.testng.AbstractTestNGCucumberTests.feature(AbstractTestNGCucumberTests.java:21)&#13;&#10;&#9;at java.base/jdk.internal.reflect.NativeMethodAccessorImpl.invoke0(Native Method)&#13;&#10;&#9;at java.base/jdk.internal.reflect.NativeMethodAccessorImpl.invoke(NativeMethodAccessorImpl.java:62)&#13;&#10;&#9;at java.base/jdk.internal.reflect.DelegatingMethodAccessorImpl.invoke(DelegatingMethodAccessorImpl.java:43)&#13;&#10;&#9;at java.base/java.lang.reflect.Method.invoke(Method.java:566)&#13;&#10;&#9;at org.testng.internal.MethodInvocationHelper.invokeMethod(MethodInvocationHelper.java:86)&#13;&#10;&#9;at org.testng.internal.Invoker.invokeMethod(Invoker.java:643)&#13;&#10;&#9;at org.testng.internal.Invoker.invokeTestMethod(Invoker.java:820)&#13;&#10;&#9;at org.testng.internal.Invoker.invokeTestMethods(Invoker.java:1128)&#13;&#10;&#9;at org.testng.internal.TestMethodWorker.invokeTestMethods(TestMethodWorker.java:129)&#13;&#10;&#9;at org.testng.internal.TestMethodWorker.run(TestMethodWorker.java:112)&#13;&#10;&#9;at org.testng.TestRunner.privateRun(TestRunner.java:782)&#13;&#10;&#9;at org.testng.TestRunner.run(TestRunner.java:632)&#13;&#10;&#9;at org.testng.SuiteRunner.runTest(SuiteRunner.java:366)&#13;&#10;&#9;at org.testng.SuiteRunner.access$000(SuiteRunner.java:39)&#13;&#10;&#9;at org.testng.SuiteRunner$SuiteWorker.run(SuiteRunner.java:400)&#13;&#10;&#9;at org.testng.internal.thread.ThreadUtil$2.call(ThreadUtil.java:64)&#13;&#10;&#9;at java.base/java.util.concurrent.FutureTask.run(FutureTask.java:264)&#13;&#10;&#9;at java.base/java.util.concurrent.ThreadPoolExecutor.runWorker(ThreadPoolExecutor.java:1128)&#13;&#10;&#9;at java.base/java.util.concurrent.ThreadPoolExecutor$Worker.run(ThreadPoolExecutor.java:628)&#13;&#10;&#9;at java.base/java.lang.Thread.run(Thread.java:834)&#13;&#10;&#9;at ✽.Given I am in the login page of the application(Login.feature:6)&#13;&#10;"><![CDATA[Given I am in the login page of the application.............................failed
When I login using the invalid username abc and the invalid password xyz....skipped
Then The application should stay on the login page, and not log me in.......skipped

StackTrace:
java.lang.NullPointerException
	at com.CucumberCraft.supportLibraries.DriverManager.getDriver(DriverManager.java:31)
	at com.CucumberCraft.stepDefinitions.GeneralStepDefs.<init>(GeneralStepDefs.java:16)
	at java.base/jdk.internal.reflect.NativeConstructorAccessorImpl.newInstance0(Native Method)
	at java.base/jdk.internal.reflect.NativeConstructorAccessorImpl.newInstance(NativeConstructorAccessorImpl.java:62)
	at java.base/jdk.internal.reflect.DelegatingConstructorAccessorImpl.newInstance(DelegatingConstructorAccessorImpl.java:45)
	at java.base/java.lang.reflect.Constructor.newInstance(Constructor.java:490)
	at org.picocontainer.injectors.AbstractInjector.newInstance(AbstractInjector.java:145)
	at org.picocontainer.injectors.ConstructorInjector$1.run(ConstructorInjector.java:342)
	at org.picocontainer.injectors.AbstractInjector$ThreadLocalCyclicDependencyGuard.observe(AbstractInjector.java:270)
	at org.picocontainer.injectors.ConstructorInjector.getComponentInstance(ConstructorInjector.java:364)
	at org.picocontainer.behaviors.AbstractBehavior.getComponentInstance(AbstractBehavior.java:64)
	at org.picocontainer.behaviors.Stored.getComponentInstance(Stored.java:91)
	at org.picocontainer.DefaultPicoContainer.getInstance(DefaultPicoContainer.java:699)
	at org.picocontainer.DefaultPicoContainer.getComponent(DefaultPicoContainer.java:647)
	at org.picocontainer.DefaultPicoContainer.getComponent(DefaultPicoContainer.java:678)
	at cucumber.runtime.java.picocontainer.PicoFactory.getInstance(PicoFactory.java:37)
	at cucumber.runtime.java.JavaStepDefinition.execute(JavaStepDefinition.java:38)
	at cucumber.runtime.StepDefinitionMatch.runStep(StepDefinitionMatch.java:37)
	at cucumber.runtime.Runtime.runStep(Runtime.java:300)
	at cucumber.runtime.model.StepContainer.runStep(StepContainer.java:44)
	at cucumber.runtime.model.StepContainer.runSteps(StepContainer.java:39)
	at cucumber.runtime.model.CucumberScenario.runBackground(CucumberScenario.java:59)
	at cucumber.runtime.model.CucumberScenario.run(CucumberScenario.java:42)
	at cucumber.runtime.model.CucumberFeature.run(CucumberFeature.java:165)
	at cucumber.api.testng.TestNGCucumberRunner.runCucumber(TestNGCucumberRunner.java:63)
	at cucumber.api.testng.AbstractTestNGCucumberTests.feature(AbstractTestNGCucumberTests.java:21)
	at java.base/jdk.internal.reflect.NativeMethodAccessorImpl.invoke0(Native Method)
	at java.base/jdk.internal.reflect.NativeMethodAccessorImpl.invoke(NativeMethodAccessorImpl.java:62)
	at java.base/jdk.internal.reflect.DelegatingMethodAccessorImpl.invoke(DelegatingMethodAccessorImpl.java:43)
	at java.base/java.lang.reflect.Method.invoke(Method.java:566)
	at org.testng.internal.MethodInvocationHelper.invokeMethod(MethodInvocationHelper.java:86)
	at org.testng.internal.Invoker.invokeMethod(Invoker.java:643)
	at org.testng.internal.Invoker.invokeTestMethod(Invoker.java:820)
	at org.testng.internal.Invoker.invokeTestMethods(Invoker.java:1128)
	at org.testng.internal.TestMethodWorker.invokeTestMethods(TestMethodWorker.java:129)
	at org.testng.internal.TestMethodWorker.run(TestMethodWorker.java:112)
	at org.testng.TestRunner.privateRun(TestRunner.java:782)
	at org.testng.TestRunner.run(TestRunner.java:632)
	at org.testng.SuiteRunner.runTest(SuiteRunner.java:366)
	at org.testng.SuiteRunner.access$000(SuiteRunner.java:39)
	at org.testng.SuiteRunner$SuiteWorker.run(SuiteRunner.java:400)
	at org.testng.internal.thread.ThreadUtil$2.call(ThreadUtil.java:64)
	at java.base/java.util.concurrent.FutureTask.run(FutureTask.java:264)
	at java.base/java.util.concurrent.ThreadPoolExecutor.runWorker(ThreadPoolExecutor.java:1128)
	at java.base/java.util.concurrent.ThreadPoolExecutor$Worker.run(ThreadPoolExecutor.java:628)
	at java.base/java.lang.Thread.run(Thread.java:834)
	at ✽.Given I am in the login page of the application(Login.feature:6)
]]></failure>
</testcase>
<testcase classname="Login" name="Login with valid username and invalid password" time="0.02152">
<failure message="java.lang.NullPointerException&#13;&#10;&#9;at com.CucumberCraft.supportLibraries.DriverManager.getDriver(DriverManager.java:31)&#13;&#10;&#9;at com.CucumberCraft.stepDefinitions.GeneralStepDefs.&lt;init&gt;(GeneralStepDefs.java:16)&#13;&#10;&#9;at java.base/jdk.internal.reflect.NativeConstructorAccessorImpl.newInstance0(Native Method)&#13;&#10;&#9;at java.base/jdk.internal.reflect.NativeConstructorAccessorImpl.newInstance(NativeConstructorAccessorImpl.java:62)&#13;&#10;&#9;at java.base/jdk.internal.reflect.DelegatingConstructorAccessorImpl.newInstance(DelegatingConstructorAccessorImpl.java:45)&#13;&#10;&#9;at java.base/java.lang.reflect.Constructor.newInstance(Constructor.java:490)&#13;&#10;&#9;at org.picocontainer.injectors.AbstractInjector.newInstance(AbstractInjector.java:145)&#13;&#10;&#9;at org.picocontainer.injectors.ConstructorInjector$1.run(ConstructorInjector.java:342)&#13;&#10;&#9;at org.picocontainer.injectors.AbstractInjector$ThreadLocalCyclicDependencyGuard.observe(AbstractInjector.java:270)&#13;&#10;&#9;at org.picocontainer.injectors.ConstructorInjector.getComponentInstance(ConstructorInjector.java:364)&#13;&#10;&#9;at org.picocontainer.behaviors.AbstractBehavior.getComponentInstance(AbstractBehavior.java:64)&#13;&#10;&#9;at org.picocontainer.behaviors.Stored.getComponentInstance(Stored.java:91)&#13;&#10;&#9;at org.picocontainer.DefaultPicoContainer.getInstance(DefaultPicoContainer.java:699)&#13;&#10;&#9;at org.picocontainer.DefaultPicoContainer.getComponent(DefaultPicoContainer.java:647)&#13;&#10;&#9;at org.picocontainer.DefaultPicoContainer.getComponent(DefaultPicoContainer.java:678)&#13;&#10;&#9;at cucumber.runtime.java.picocontainer.PicoFactory.getInstance(PicoFactory.java:37)&#13;&#10;&#9;at cucumber.runtime.java.JavaStepDefinition.execute(JavaStepDefinition.java:38)&#13;&#10;&#9;at cucumber.runtime.StepDefinitionMatch.runStep(StepDefinitionMatch.java:37)&#13;&#10;&#9;at cucumber.runtime.Runtime.runStep(Runtime.java:300)&#13;&#10;&#9;at cucumber.runtime.model.StepContainer.runStep(StepContainer.java:44)&#13;&#10;&#9;at cucumber.runtime.model.StepContainer.runSteps(StepContainer.java:39)&#13;&#10;&#9;at cucumber.runtime.model.CucumberScenario.runBackground(CucumberScenario.java:59)&#13;&#10;&#9;at cucumber.runtime.model.CucumberScenario.run(CucumberScenario.java:42)&#13;&#10;&#9;at cucumber.runtime.model.CucumberFeature.run(CucumberFeature.java:165)&#13;&#10;&#9;at cucumber.api.testng.TestNGCucumberRunner.runCucumber(TestNGCucumberRunner.java:63)&#13;&#10;&#9;at cucumber.api.testng.AbstractTestNGCucumberTests.feature(AbstractTestNGCucumberTests.java:21)&#13;&#10;&#9;at java.base/jdk.internal.reflect.NativeMethodAccessorImpl.invoke0(Native Method)&#13;&#10;&#9;at java.base/jdk.internal.reflect.NativeMethodAccessorImpl.invoke(NativeMethodAccessorImpl.java:62)&#13;&#10;&#9;at java.base/jdk.internal.reflect.DelegatingMethodAccessorImpl.invoke(DelegatingMethodAccessorImpl.java:43)&#13;&#10;&#9;at java.base/java.lang.reflect.Method.invoke(Method.java:566)&#13;&#10;&#9;at org.testng.internal.MethodInvocationHelper.invokeMethod(MethodInvocationHelper.java:86)&#13;&#10;&#9;at org.testng.internal.Invoker.invokeMethod(Invoker.java:643)&#13;&#10;&#9;at org.testng.internal.Invoker.invokeTestMethod(Invoker.java:820)&#13;&#10;&#9;at org.testng.internal.Invoker.invokeTestMethods(Invoker.java:1128)&#13;&#10;&#9;at org.testng.internal.TestMethodWorker.invokeTestMethods(TestMethodWorker.java:129)&#13;&#10;&#9;at org.testng.internal.TestMethodWorker.run(TestMethodWorker.java:112)&#13;&#10;&#9;at org.testng.TestRunner.privateRun(TestRunner.java:782)&#13;&#10;&#9;at org.testng.TestRunner.run(TestRunner.java:632)&#13;&#10;&#9;at org.testng.SuiteRunner.runTest(SuiteRunner.java:366)&#13;&#10;&#9;at org.testng.SuiteRunner.access$000(SuiteRunner.java:39)&#13;&#10;&#9;at org.testng.SuiteRunner$SuiteWorker.run(SuiteRunner.java:400)&#13;&#10;&#9;at org.testng.internal.thread.ThreadUtil$2.call(ThreadUtil.java:64)&#13;&#10;&#9;at java.base/java.util.concurrent.FutureTask.run(FutureTask.java:264)&#13;&#10;&#9;at java.base/java.util.concurrent.ThreadPoolExecutor.runWorker(ThreadPoolExecutor.java:1128)&#13;&#10;&#9;at java.base/java.util.concurrent.ThreadPoolExecutor$Worker.run(ThreadPoolExecutor.java:628)&#13;&#10;&#9;at java.base/java.lang.Thread.run(Thread.java:834)&#13;&#10;&#9;at ✽.Given I am in the login page of the application(Login.feature:6)&#13;&#10;"><![CDATA[Given I am in the login page of the application.............................failed
When I login using the valid username mercury and the invalid password xyz..skipped
Then The application should stay on the login page, and not log me in.......skipped

StackTrace:
java.lang.NullPointerException
	at com.CucumberCraft.supportLibraries.DriverManager.getDriver(DriverManager.java:31)
	at com.CucumberCraft.stepDefinitions.GeneralStepDefs.<init>(GeneralStepDefs.java:16)
	at java.base/jdk.internal.reflect.NativeConstructorAccessorImpl.newInstance0(Native Method)
	at java.base/jdk.internal.reflect.NativeConstructorAccessorImpl.newInstance(NativeConstructorAccessorImpl.java:62)
	at java.base/jdk.internal.reflect.DelegatingConstructorAccessorImpl.newInstance(DelegatingConstructorAccessorImpl.java:45)
	at java.base/java.lang.reflect.Constructor.newInstance(Constructor.java:490)
	at org.picocontainer.injectors.AbstractInjector.newInstance(AbstractInjector.java:145)
	at org.picocontainer.injectors.ConstructorInjector$1.run(ConstructorInjector.java:342)
	at org.picocontainer.injectors.AbstractInjector$ThreadLocalCyclicDependencyGuard.observe(AbstractInjector.java:270)
	at org.picocontainer.injectors.ConstructorInjector.getComponentInstance(ConstructorInjector.java:364)
	at org.picocontainer.behaviors.AbstractBehavior.getComponentInstance(AbstractBehavior.java:64)
	at org.picocontainer.behaviors.Stored.getComponentInstance(Stored.java:91)
	at org.picocontainer.DefaultPicoContainer.getInstance(DefaultPicoContainer.java:699)
	at org.picocontainer.DefaultPicoContainer.getComponent(DefaultPicoContainer.java:647)
	at org.picocontainer.DefaultPicoContainer.getComponent(DefaultPicoContainer.java:678)
	at cucumber.runtime.java.picocontainer.PicoFactory.getInstance(PicoFactory.java:37)
	at cucumber.runtime.java.JavaStepDefinition.execute(JavaStepDefinition.java:38)
	at cucumber.runtime.StepDefinitionMatch.runStep(StepDefinitionMatch.java:37)
	at cucumber.runtime.Runtime.runStep(Runtime.java:300)
	at cucumber.runtime.model.StepContainer.runStep(StepContainer.java:44)
	at cucumber.runtime.model.StepContainer.runSteps(StepContainer.java:39)
	at cucumber.runtime.model.CucumberScenario.runBackground(CucumberScenario.java:59)
	at cucumber.runtime.model.CucumberScenario.run(CucumberScenario.java:42)
	at cucumber.runtime.model.CucumberFeature.run(CucumberFeature.java:165)
	at cucumber.api.testng.TestNGCucumberRunner.runCucumber(TestNGCucumberRunner.java:63)
	at cucumber.api.testng.AbstractTestNGCucumberTests.feature(AbstractTestNGCucumberTests.java:21)
	at java.base/jdk.internal.reflect.NativeMethodAccessorImpl.invoke0(Native Method)
	at java.base/jdk.internal.reflect.NativeMethodAccessorImpl.invoke(NativeMethodAccessorImpl.java:62)
	at java.base/jdk.internal.reflect.DelegatingMethodAccessorImpl.invoke(DelegatingMethodAccessorImpl.java:43)
	at java.base/java.lang.reflect.Method.invoke(Method.java:566)
	at org.testng.internal.MethodInvocationHelper.invokeMethod(MethodInvocationHelper.java:86)
	at org.testng.internal.Invoker.invokeMethod(Invoker.java:643)
	at org.testng.internal.Invoker.invokeTestMethod(Invoker.java:820)
	at org.testng.internal.Invoker.invokeTestMethods(Invoker.java:1128)
	at org.testng.internal.TestMethodWorker.invokeTestMethods(TestMethodWorker.java:129)
	at org.testng.internal.TestMethodWorker.run(TestMethodWorker.java:112)
	at org.testng.TestRunner.privateRun(TestRunner.java:782)
	at org.testng.TestRunner.run(TestRunner.java:632)
	at org.testng.SuiteRunner.runTest(SuiteRunner.java:366)
	at org.testng.SuiteRunner.access$000(SuiteRunner.java:39)
	at org.testng.SuiteRunner$SuiteWorker.run(SuiteRunner.java:400)
	at org.testng.internal.thread.ThreadUtil$2.call(ThreadUtil.java:64)
	at java.base/java.util.concurrent.FutureTask.run(FutureTask.java:264)
	at java.base/java.util.concurrent.ThreadPoolExecutor.runWorker(ThreadPoolExecutor.java:1128)
	at java.base/java.util.concurrent.ThreadPoolExecutor$Worker.run(ThreadPoolExecutor.java:628)
	at java.base/java.lang.Thread.run(Thread.java:834)
	at ✽.Given I am in the login page of the application(Login.feature:6)
]]></failure>
</testcase>
<testcase classname="Login" name="Login with valid username and valid password" time="0.026529">
<failure message="java.lang.NullPointerException&#13;&#10;&#9;at com.CucumberCraft.supportLibraries.DriverManager.getDriver(DriverManager.java:31)&#13;&#10;&#9;at com.CucumberCraft.stepDefinitions.GeneralStepDefs.&lt;init&gt;(GeneralStepDefs.java:16)&#13;&#10;&#9;at java.base/jdk.internal.reflect.NativeConstructorAccessorImpl.newInstance0(Native Method)&#13;&#10;&#9;at java.base/jdk.internal.reflect.NativeConstructorAccessorImpl.newInstance(NativeConstructorAccessorImpl.java:62)&#13;&#10;&#9;at java.base/jdk.internal.reflect.DelegatingConstructorAccessorImpl.newInstance(DelegatingConstructorAccessorImpl.java:45)&#13;&#10;&#9;at java.base/java.lang.reflect.Constructor.newInstance(Constructor.java:490)&#13;&#10;&#9;at org.picocontainer.injectors.AbstractInjector.newInstance(AbstractInjector.java:145)&#13;&#10;&#9;at org.picocontainer.injectors.ConstructorInjector$1.run(ConstructorInjector.java:342)&#13;&#10;&#9;at org.picocontainer.injectors.AbstractInjector$ThreadLocalCyclicDependencyGuard.observe(AbstractInjector.java:270)&#13;&#10;&#9;at org.picocontainer.injectors.ConstructorInjector.getComponentInstance(ConstructorInjector.java:364)&#13;&#10;&#9;at org.picocontainer.behaviors.AbstractBehavior.getComponentInstance(AbstractBehavior.java:64)&#13;&#10;&#9;at org.picocontainer.behaviors.Stored.getComponentInstance(Stored.java:91)&#13;&#10;&#9;at org.picocontainer.DefaultPicoContainer.getInstance(DefaultPicoContainer.java:699)&#13;&#10;&#9;at org.picocontainer.DefaultPicoContainer.getComponent(DefaultPicoContainer.java:647)&#13;&#10;&#9;at org.picocontainer.DefaultPicoContainer.getComponent(DefaultPicoContainer.java:678)&#13;&#10;&#9;at cucumber.runtime.java.picocontainer.PicoFactory.getInstance(PicoFactory.java:37)&#13;&#10;&#9;at cucumber.runtime.java.JavaStepDefinition.execute(JavaStepDefinition.java:38)&#13;&#10;&#9;at cucumber.runtime.StepDefinitionMatch.runStep(StepDefinitionMatch.java:37)&#13;&#10;&#9;at cucumber.runtime.Runtime.runStep(Runtime.java:300)&#13;&#10;&#9;at cucumber.runtime.model.StepContainer.runStep(StepContainer.java:44)&#13;&#10;&#9;at cucumber.runtime.model.StepContainer.runSteps(StepContainer.java:39)&#13;&#10;&#9;at cucumber.runtime.model.CucumberScenario.runBackground(CucumberScenario.java:59)&#13;&#10;&#9;at cucumber.runtime.model.CucumberScenario.run(CucumberScenario.java:42)&#13;&#10;&#9;at cucumber.runtime.model.CucumberScenarioOutline.run(CucumberScenarioOutline.java:46)&#13;&#10;&#9;at cucumber.runtime.model.CucumberFeature.run(CucumberFeature.java:165)&#13;&#10;&#9;at cucumber.api.testng.TestNGCucumberRunner.runCucumber(TestNGCucumberRunner.java:63)&#13;&#10;&#9;at cucumber.api.testng.AbstractTestNGCucumberTests.feature(AbstractTestNGCucumberTests.java:21)&#13;&#10;&#9;at java.base/jdk.internal.reflect.NativeMethodAccessorImpl.invoke0(Native Method)&#13;&#10;&#9;at java.base/jdk.internal.reflect.NativeMethodAccessorImpl.invoke(NativeMethodAccessorImpl.java:62)&#13;&#10;&#9;at java.base/jdk.internal.reflect.DelegatingMethodAccessorImpl.invoke(DelegatingMethodAccessorImpl.java:43)&#13;&#10;&#9;at java.base/java.lang.reflect.Method.invoke(Method.java:566)&#13;&#10;&#9;at org.testng.internal.MethodInvocationHelper.invokeMethod(MethodInvocationHelper.java:86)&#13;&#10;&#9;at org.testng.internal.Invoker.invokeMethod(Invoker.java:643)&#13;&#10;&#9;at org.testng.internal.Invoker.invokeTestMethod(Invoker.java:820)&#13;&#10;&#9;at org.testng.internal.Invoker.invokeTestMethods(Invoker.java:1128)&#13;&#10;&#9;at org.testng.internal.TestMethodWorker.invokeTestMethods(TestMethodWorker.java:129)&#13;&#10;&#9;at org.testng.internal.TestMethodWorker.run(TestMethodWorker.java:112)&#13;&#10;&#9;at org.testng.TestRunner.privateRun(TestRunner.java:782)&#13;&#10;&#9;at org.testng.TestRunner.run(TestRunner.java:632)&#13;&#10;&#9;at org.testng.SuiteRunner.runTest(SuiteRunner.java:366)&#13;&#10;&#9;at org.testng.SuiteRunner.access$000(SuiteRunner.java:39)&#13;&#10;&#9;at org.testng.SuiteRunner$SuiteWorker.run(SuiteRunner.java:400)&#13;&#10;&#9;at org.testng.internal.thread.ThreadUtil$2.call(ThreadUtil.java:64)&#13;&#10;&#9;at java.base/java.util.concurrent.FutureTask.run(FutureTask.java:264)&#13;&#10;&#9;at java.base/java.util.concurrent.ThreadPoolExecutor.runWorker(ThreadPoolExecutor.java:1128)&#13;&#10;&#9;at java.base/java.util.concurrent.ThreadPoolExecutor$Worker.run(ThreadPoolExecutor.java:628)&#13;&#10;&#9;at java.base/java.lang.Thread.run(Thread.java:834)&#13;&#10;&#9;at ✽.Given I am in the login page of the application(Login.feature:6)&#13;&#10;"><![CDATA[Given I am in the login page of the application.............................failed
When I login using the invalid username mercury and the invalid password mercury.skipped
Then The application should not log me in and show login page...............skipped

StackTrace:
java.lang.NullPointerException
	at com.CucumberCraft.supportLibraries.DriverManager.getDriver(DriverManager.java:31)
	at com.CucumberCraft.stepDefinitions.GeneralStepDefs.<init>(GeneralStepDefs.java:16)
	at java.base/jdk.internal.reflect.NativeConstructorAccessorImpl.newInstance0(Native Method)
	at java.base/jdk.internal.reflect.NativeConstructorAccessorImpl.newInstance(NativeConstructorAccessorImpl.java:62)
	at java.base/jdk.internal.reflect.DelegatingConstructorAccessorImpl.newInstance(DelegatingConstructorAccessorImpl.java:45)
	at java.base/java.lang.reflect.Constructor.newInstance(Constructor.java:490)
	at org.picocontainer.injectors.AbstractInjector.newInstance(AbstractInjector.java:145)
	at org.picocontainer.injectors.ConstructorInjector$1.run(ConstructorInjector.java:342)
	at org.picocontainer.injectors.AbstractInjector$ThreadLocalCyclicDependencyGuard.observe(AbstractInjector.java:270)
	at org.picocontainer.injectors.ConstructorInjector.getComponentInstance(ConstructorInjector.java:364)
	at org.picocontainer.behaviors.AbstractBehavior.getComponentInstance(AbstractBehavior.java:64)
	at org.picocontainer.behaviors.Stored.getComponentInstance(Stored.java:91)
	at org.picocontainer.DefaultPicoContainer.getInstance(DefaultPicoContainer.java:699)
	at org.picocontainer.DefaultPicoContainer.getComponent(DefaultPicoContainer.java:647)
	at org.picocontainer.DefaultPicoContainer.getComponent(DefaultPicoContainer.java:678)
	at cucumber.runtime.java.picocontainer.PicoFactory.getInstance(PicoFactory.java:37)
	at cucumber.runtime.java.JavaStepDefinition.execute(JavaStepDefinition.java:38)
	at cucumber.runtime.StepDefinitionMatch.runStep(StepDefinitionMatch.java:37)
	at cucumber.runtime.Runtime.runStep(Runtime.java:300)
	at cucumber.runtime.model.StepContainer.runStep(StepContainer.java:44)
	at cucumber.runtime.model.StepContainer.runSteps(StepContainer.java:39)
	at cucumber.runtime.model.CucumberScenario.runBackground(CucumberScenario.java:59)
	at cucumber.runtime.model.CucumberScenario.run(CucumberScenario.java:42)
	at cucumber.runtime.model.CucumberScenarioOutline.run(CucumberScenarioOutline.java:46)
	at cucumber.runtime.model.CucumberFeature.run(CucumberFeature.java:165)
	at cucumber.api.testng.TestNGCucumberRunner.runCucumber(TestNGCucumberRunner.java:63)
	at cucumber.api.testng.AbstractTestNGCucumberTests.feature(AbstractTestNGCucumberTests.java:21)
	at java.base/jdk.internal.reflect.NativeMethodAccessorImpl.invoke0(Native Method)
	at java.base/jdk.internal.reflect.NativeMethodAccessorImpl.invoke(NativeMethodAccessorImpl.java:62)
	at java.base/jdk.internal.reflect.DelegatingMethodAccessorImpl.invoke(DelegatingMethodAccessorImpl.java:43)
	at java.base/java.lang.reflect.Method.invoke(Method.java:566)
	at org.testng.internal.MethodInvocationHelper.invokeMethod(MethodInvocationHelper.java:86)
	at org.testng.internal.Invoker.invokeMethod(Invoker.java:643)
	at org.testng.internal.Invoker.invokeTestMethod(Invoker.java:820)
	at org.testng.internal.Invoker.invokeTestMethods(Invoker.java:1128)
	at org.testng.internal.TestMethodWorker.invokeTestMethods(TestMethodWorker.java:129)
	at org.testng.internal.TestMethodWorker.run(TestMethodWorker.java:112)
	at org.testng.TestRunner.privateRun(TestRunner.java:782)
	at org.testng.TestRunner.run(TestRunner.java:632)
	at org.testng.SuiteRunner.runTest(SuiteRunner.java:366)
	at org.testng.SuiteRunner.access$000(SuiteRunner.java:39)
	at org.testng.SuiteRunner$SuiteWorker.run(SuiteRunner.java:400)
	at org.testng.internal.thread.ThreadUtil$2.call(ThreadUtil.java:64)
	at java.base/java.util.concurrent.FutureTask.run(FutureTask.java:264)
	at java.base/java.util.concurrent.ThreadPoolExecutor.runWorker(ThreadPoolExecutor.java:1128)
	at java.base/java.util.concurrent.ThreadPoolExecutor$Worker.run(ThreadPoolExecutor.java:628)
	at java.base/java.lang.Thread.run(Thread.java:834)
	at ✽.Given I am in the login page of the application(Login.feature:6)
]]></failure>
</testcase>
<testcase classname="Login" name="Login with valid username and valid password 2" time="0.008405">
<failure message="java.lang.NullPointerException&#13;&#10;&#9;at com.CucumberCraft.supportLibraries.DriverManager.getDriver(DriverManager.java:31)&#13;&#10;&#9;at com.CucumberCraft.stepDefinitions.GeneralStepDefs.&lt;init&gt;(GeneralStepDefs.java:16)&#13;&#10;&#9;at java.base/jdk.internal.reflect.NativeConstructorAccessorImpl.newInstance0(Native Method)&#13;&#10;&#9;at java.base/jdk.internal.reflect.NativeConstructorAccessorImpl.newInstance(NativeConstructorAccessorImpl.java:62)&#13;&#10;&#9;at java.base/jdk.internal.reflect.DelegatingConstructorAccessorImpl.newInstance(DelegatingConstructorAccessorImpl.java:45)&#13;&#10;&#9;at java.base/java.lang.reflect.Constructor.newInstance(Constructor.java:490)&#13;&#10;&#9;at org.picocontainer.injectors.AbstractInjector.newInstance(AbstractInjector.java:145)&#13;&#10;&#9;at org.picocontainer.injectors.ConstructorInjector$1.run(ConstructorInjector.java:342)&#13;&#10;&#9;at org.picocontainer.injectors.AbstractInjector$ThreadLocalCyclicDependencyGuard.observe(AbstractInjector.java:270)&#13;&#10;&#9;at org.picocontainer.injectors.ConstructorInjector.getComponentInstance(ConstructorInjector.java:364)&#13;&#10;&#9;at org.picocontainer.behaviors.AbstractBehavior.getComponentInstance(AbstractBehavior.java:64)&#13;&#10;&#9;at org.picocontainer.behaviors.Stored.getComponentInstance(Stored.java:91)&#13;&#10;&#9;at org.picocontainer.DefaultPicoContainer.getInstance(DefaultPicoContainer.java:699)&#13;&#10;&#9;at org.picocontainer.DefaultPicoContainer.getComponent(DefaultPicoContainer.java:647)&#13;&#10;&#9;at org.picocontainer.DefaultPicoContainer.getComponent(DefaultPicoContainer.java:678)&#13;&#10;&#9;at cucumber.runtime.java.picocontainer.PicoFactory.getInstance(PicoFactory.java:37)&#13;&#10;&#9;at cucumber.runtime.java.JavaStepDefinition.execute(JavaStepDefinition.java:38)&#13;&#10;&#9;at cucumber.runtime.StepDefinitionMatch.runStep(StepDefinitionMatch.java:37)&#13;&#10;&#9;at cucumber.runtime.Runtime.runStep(Runtime.java:300)&#13;&#10;&#9;at cucumber.runtime.model.StepContainer.runStep(StepContainer.java:44)&#13;&#10;&#9;at cucumber.runtime.model.StepContainer.runSteps(StepContainer.java:39)&#13;&#10;&#9;at cucumber.runtime.model.CucumberScenario.runBackground(CucumberScenario.java:59)&#13;&#10;&#9;at cucumber.runtime.model.CucumberScenario.run(CucumberScenario.java:42)&#13;&#10;&#9;at cucumber.runtime.model.CucumberScenarioOutline.run(CucumberScenarioOutline.java:46)&#13;&#10;&#9;at cucumber.runtime.model.CucumberFeature.run(CucumberFeature.java:165)&#13;&#10;&#9;at cucumber.api.testng.TestNGCucumberRunner.runCucumber(TestNGCucumberRunner.java:63)&#13;&#10;&#9;at cucumber.api.testng.AbstractTestNGCucumberTests.feature(AbstractTestNGCucumberTests.java:21)&#13;&#10;&#9;at java.base/jdk.internal.reflect.NativeMethodAccessorImpl.invoke0(Native Method)&#13;&#10;&#9;at java.base/jdk.internal.reflect.NativeMethodAccessorImpl.invoke(NativeMethodAccessorImpl.java:62)&#13;&#10;&#9;at java.base/jdk.internal.reflect.DelegatingMethodAccessorImpl.invoke(DelegatingMethodAccessorImpl.java:43)&#13;&#10;&#9;at java.base/java.lang.reflect.Method.invoke(Method.java:566)&#13;&#10;&#9;at org.testng.internal.MethodInvocationHelper.invokeMethod(MethodInvocationHelper.java:86)&#13;&#10;&#9;at org.testng.internal.Invoker.invokeMethod(Invoker.java:643)&#13;&#10;&#9;at org.testng.internal.Invoker.invokeTestMethod(Invoker.java:820)&#13;&#10;&#9;at org.testng.internal.Invoker.invokeTestMethods(Invoker.java:1128)&#13;&#10;&#9;at org.testng.internal.TestMethodWorker.invokeTestMethods(TestMethodWorker.java:129)&#13;&#10;&#9;at org.testng.internal.TestMethodWorker.run(TestMethodWorker.java:112)&#13;&#10;&#9;at org.testng.TestRunner.privateRun(TestRunner.java:782)&#13;&#10;&#9;at org.testng.TestRunner.run(TestRunner.java:632)&#13;&#10;&#9;at org.testng.SuiteRunner.runTest(SuiteRunner.java:366)&#13;&#10;&#9;at org.testng.SuiteRunner.access$000(SuiteRunner.java:39)&#13;&#10;&#9;at org.testng.SuiteRunner$SuiteWorker.run(SuiteRunner.java:400)&#13;&#10;&#9;at org.testng.internal.thread.ThreadUtil$2.call(ThreadUtil.java:64)&#13;&#10;&#9;at java.base/java.util.concurrent.FutureTask.run(FutureTask.java:264)&#13;&#10;&#9;at java.base/java.util.concurrent.ThreadPoolExecutor.runWorker(ThreadPoolExecutor.java:1128)&#13;&#10;&#9;at java.base/java.util.concurrent.ThreadPoolExecutor$Worker.run(ThreadPoolExecutor.java:628)&#13;&#10;&#9;at java.base/java.lang.Thread.run(Thread.java:834)&#13;&#10;&#9;at ✽.Given I am in the login page of the application(Login.feature:6)&#13;&#10;"><![CDATA[Given I am in the login page of the application.............................failed
When I login using the invalid username mercury and the invalid password test.skipped
Then The application should not log me in and show login page...............skipped

StackTrace:
java.lang.NullPointerException
	at com.CucumberCraft.supportLibraries.DriverManager.getDriver(DriverManager.java:31)
	at com.CucumberCraft.stepDefinitions.GeneralStepDefs.<init>(GeneralStepDefs.java:16)
	at java.base/jdk.internal.reflect.NativeConstructorAccessorImpl.newInstance0(Native Method)
	at java.base/jdk.internal.reflect.NativeConstructorAccessorImpl.newInstance(NativeConstructorAccessorImpl.java:62)
	at java.base/jdk.internal.reflect.DelegatingConstructorAccessorImpl.newInstance(DelegatingConstructorAccessorImpl.java:45)
	at java.base/java.lang.reflect.Constructor.newInstance(Constructor.java:490)
	at org.picocontainer.injectors.AbstractInjector.newInstance(AbstractInjector.java:145)
	at org.picocontainer.injectors.ConstructorInjector$1.run(ConstructorInjector.java:342)
	at org.picocontainer.injectors.AbstractInjector$ThreadLocalCyclicDependencyGuard.observe(AbstractInjector.java:270)
	at org.picocontainer.injectors.ConstructorInjector.getComponentInstance(ConstructorInjector.java:364)
	at org.picocontainer.behaviors.AbstractBehavior.getComponentInstance(AbstractBehavior.java:64)
	at org.picocontainer.behaviors.Stored.getComponentInstance(Stored.java:91)
	at org.picocontainer.DefaultPicoContainer.getInstance(DefaultPicoContainer.java:699)
	at org.picocontainer.DefaultPicoContainer.getComponent(DefaultPicoContainer.java:647)
	at org.picocontainer.DefaultPicoContainer.getComponent(DefaultPicoContainer.java:678)
	at cucumber.runtime.java.picocontainer.PicoFactory.getInstance(PicoFactory.java:37)
	at cucumber.runtime.java.JavaStepDefinition.execute(JavaStepDefinition.java:38)
	at cucumber.runtime.StepDefinitionMatch.runStep(StepDefinitionMatch.java:37)
	at cucumber.runtime.Runtime.runStep(Runtime.java:300)
	at cucumber.runtime.model.StepContainer.runStep(StepContainer.java:44)
	at cucumber.runtime.model.StepContainer.runSteps(StepContainer.java:39)
	at cucumber.runtime.model.CucumberScenario.runBackground(CucumberScenario.java:59)
	at cucumber.runtime.model.CucumberScenario.run(CucumberScenario.java:42)
	at cucumber.runtime.model.CucumberScenarioOutline.run(CucumberScenarioOutline.java:46)
	at cucumber.runtime.model.CucumberFeature.run(CucumberFeature.java:165)
	at cucumber.api.testng.TestNGCucumberRunner.runCucumber(TestNGCucumberRunner.java:63)
	at cucumber.api.testng.AbstractTestNGCucumberTests.feature(AbstractTestNGCucumberTests.java:21)
	at java.base/jdk.internal.reflect.NativeMethodAccessorImpl.invoke0(Native Method)
	at java.base/jdk.internal.reflect.NativeMethodAccessorImpl.invoke(NativeMethodAccessorImpl.java:62)
	at java.base/jdk.internal.reflect.DelegatingMethodAccessorImpl.invoke(DelegatingMethodAccessorImpl.java:43)
	at java.base/java.lang.reflect.Method.invoke(Method.java:566)
	at org.testng.internal.MethodInvocationHelper.invokeMethod(MethodInvocationHelper.java:86)
	at org.testng.internal.Invoker.invokeMethod(Invoker.java:643)
	at org.testng.internal.Invoker.invokeTestMethod(Invoker.java:820)
	at org.testng.internal.Invoker.invokeTestMethods(Invoker.java:1128)
	at org.testng.internal.TestMethodWorker.invokeTestMethods(TestMethodWorker.java:129)
	at org.testng.internal.TestMethodWorker.run(TestMethodWorker.java:112)
	at org.testng.TestRunner.privateRun(TestRunner.java:782)
	at org.testng.TestRunner.run(TestRunner.java:632)
	at org.testng.SuiteRunner.runTest(SuiteRunner.java:366)
	at org.testng.SuiteRunner.access$000(SuiteRunner.java:39)
	at org.testng.SuiteRunner$SuiteWorker.run(SuiteRunner.java:400)
	at org.testng.internal.thread.ThreadUtil$2.call(ThreadUtil.java:64)
	at java.base/java.util.concurrent.FutureTask.run(FutureTask.java:264)
	at java.base/java.util.concurrent.ThreadPoolExecutor.runWorker(ThreadPoolExecutor.java:1128)
	at java.base/java.util.concurrent.ThreadPoolExecutor$Worker.run(ThreadPoolExecutor.java:628)
	at java.base/java.lang.Thread.run(Thread.java:834)
	at ✽.Given I am in the login page of the application(Login.feature:6)
]]></failure>
</testcase>
<testcase classname="Register new user" name="Register new user and login using the newly registered credentials" time="0.019188">
<failure message="java.lang.NullPointerException&#13;&#10;&#9;at com.CucumberCraft.supportLibraries.DriverManager.getDriver(DriverManager.java:31)&#13;&#10;&#9;at com.CucumberCraft.stepDefinitions.GeneralStepDefs.&lt;init&gt;(GeneralStepDefs.java:16)&#13;&#10;&#9;at java.base/jdk.internal.reflect.NativeConstructorAccessorImpl.newInstance0(Native Method)&#13;&#10;&#9;at java.base/jdk.internal.reflect.NativeConstructorAccessorImpl.newInstance(NativeConstructorAccessorImpl.java:62)&#13;&#10;&#9;at java.base/jdk.internal.reflect.DelegatingConstructorAccessorImpl.newInstance(DelegatingConstructorAccessorImpl.java:45)&#13;&#10;&#9;at java.base/java.lang.reflect.Constructor.newInstance(Constructor.java:490)&#13;&#10;&#9;at org.picocontainer.injectors.AbstractInjector.newInstance(AbstractInjector.java:145)&#13;&#10;&#9;at org.picocontainer.injectors.ConstructorInjector$1.run(ConstructorInjector.java:342)&#13;&#10;&#9;at org.picocontainer.injectors.AbstractInjector$ThreadLocalCyclicDependencyGuard.observe(AbstractInjector.java:270)&#13;&#10;&#9;at org.picocontainer.injectors.ConstructorInjector.getComponentInstance(ConstructorInjector.java:364)&#13;&#10;&#9;at org.picocontainer.behaviors.AbstractBehavior.getComponentInstance(AbstractBehavior.java:64)&#13;&#10;&#9;at org.picocontainer.behaviors.Stored.getComponentInstance(Stored.java:91)&#13;&#10;&#9;at org.picocontainer.DefaultPicoContainer.getInstance(DefaultPicoContainer.java:699)&#13;&#10;&#9;at org.picocontainer.DefaultPicoContainer.getComponent(DefaultPicoContainer.java:647)&#13;&#10;&#9;at org.picocontainer.DefaultPicoContainer.getComponent(DefaultPicoContainer.java:678)&#13;&#10;&#9;at cucumber.runtime.java.picocontainer.PicoFactory.getInstance(PicoFactory.java:37)&#13;&#10;&#9;at cucumber.runtime.java.JavaStepDefinition.execute(JavaStepDefinition.java:38)&#13;&#10;&#9;at cucumber.runtime.StepDefinitionMatch.runStep(StepDefinitionMatch.java:37)&#13;&#10;&#9;at cucumber.runtime.Runtime.runStep(Runtime.java:300)&#13;&#10;&#9;at cucumber.runtime.model.StepContainer.runStep(StepContainer.java:44)&#13;&#10;&#9;at cucumber.runtime.model.StepContainer.runSteps(StepContainer.java:39)&#13;&#10;&#9;at cucumber.runtime.model.CucumberScenario.run(CucumberScenario.java:44)&#13;&#10;&#9;at cucumber.runtime.model.CucumberFeature.run(CucumberFeature.java:165)&#13;&#10;&#9;at cucumber.api.testng.TestNGCucumberRunner.runCucumber(TestNGCucumberRunner.java:63)&#13;&#10;&#9;at cucumber.api.testng.AbstractTestNGCucumberTests.feature(AbstractTestNGCucumberTests.java:21)&#13;&#10;&#9;at java.base/jdk.internal.reflect.NativeMethodAccessorImpl.invoke0(Native Method)&#13;&#10;&#9;at java.base/jdk.internal.reflect.NativeMethodAccessorImpl.invoke(NativeMethodAccessorImpl.java:62)&#13;&#10;&#9;at java.base/jdk.internal.reflect.DelegatingMethodAccessorImpl.invoke(DelegatingMethodAccessorImpl.java:43)&#13;&#10;&#9;at java.base/java.lang.reflect.Method.invoke(Method.java:566)&#13;&#10;&#9;at org.testng.internal.MethodInvocationHelper.invokeMethod(MethodInvocationHelper.java:86)&#13;&#10;&#9;at org.testng.internal.Invoker.invokeMethod(Invoker.java:643)&#13;&#10;&#9;at org.testng.internal.Invoker.invokeTestMethod(Invoker.java:820)&#13;&#10;&#9;at org.testng.internal.Invoker.invokeTestMethods(Invoker.java:1128)&#13;&#10;&#9;at org.testng.internal.TestMethodWorker.invokeTestMethods(TestMethodWorker.java:129)&#13;&#10;&#9;at org.testng.internal.TestMethodWorker.run(TestMethodWorker.java:112)&#13;&#10;&#9;at org.testng.TestRunner.privateRun(TestRunner.java:782)&#13;&#10;&#9;at org.testng.TestRunner.run(TestRunner.java:632)&#13;&#10;&#9;at org.testng.SuiteRunner.runTest(SuiteRunner.java:366)&#13;&#10;&#9;at org.testng.SuiteRunner.access$000(SuiteRunner.java:39)&#13;&#10;&#9;at org.testng.SuiteRunner$SuiteWorker.run(SuiteRunner.java:400)&#13;&#10;&#9;at org.testng.internal.thread.ThreadUtil$2.call(ThreadUtil.java:64)&#13;&#10;&#9;at java.base/java.util.concurrent.FutureTask.run(FutureTask.java:264)&#13;&#10;&#9;at java.base/java.util.concurrent.ThreadPoolExecutor.runWorker(ThreadPoolExecutor.java:1128)&#13;&#10;&#9;at java.base/java.util.concurrent.ThreadPoolExecutor$Worker.run(ThreadPoolExecutor.java:628)&#13;&#10;&#9;at java.base/java.lang.Thread.run(Thread.java:834)&#13;&#10;&#9;at ✽.Given I am in the login page of the application(RegisterNewUser.feature:7)&#13;&#10;"><![CDATA[Given I am in the login page of the application.............................failed
When I register a new user with the following details:......................skipped
Then I should get a confirmation on successful registration.................skipped
When I click on the sign in link............................................skipped
And I login using the valid username icims and the valid password password-1.skipped
Then The application should log me in and navigate to the Flight Finder page.skipped

StackTrace:
java.lang.NullPointerException
	at com.CucumberCraft.supportLibraries.DriverManager.getDriver(DriverManager.java:31)
	at com.CucumberCraft.stepDefinitions.GeneralStepDefs.<init>(GeneralStepDefs.java:16)
	at java.base/jdk.internal.reflect.NativeConstructorAccessorImpl.newInstance0(Native Method)
	at java.base/jdk.internal.reflect.NativeConstructorAccessorImpl.newInstance(NativeConstructorAccessorImpl.java:62)
	at java.base/jdk.internal.reflect.DelegatingConstructorAccessorImpl.newInstance(DelegatingConstructorAccessorImpl.java:45)
	at java.base/java.lang.reflect.Constructor.newInstance(Constructor.java:490)
	at org.picocontainer.injectors.AbstractInjector.newInstance(AbstractInjector.java:145)
	at org.picocontainer.injectors.ConstructorInjector$1.run(ConstructorInjector.java:342)
	at org.picocontainer.injectors.AbstractInjector$ThreadLocalCyclicDependencyGuard.observe(AbstractInjector.java:270)
	at org.picocontainer.injectors.ConstructorInjector.getComponentInstance(ConstructorInjector.java:364)
	at org.picocontainer.behaviors.AbstractBehavior.getComponentInstance(AbstractBehavior.java:64)
	at org.picocontainer.behaviors.Stored.getComponentInstance(Stored.java:91)
	at org.picocontainer.DefaultPicoContainer.getInstance(DefaultPicoContainer.java:699)
	at org.picocontainer.DefaultPicoContainer.getComponent(DefaultPicoContainer.java:647)
	at org.picocontainer.DefaultPicoContainer.getComponent(DefaultPicoContainer.java:678)
	at cucumber.runtime.java.picocontainer.PicoFactory.getInstance(PicoFactory.java:37)
	at cucumber.runtime.java.JavaStepDefinition.execute(JavaStepDefinition.java:38)
	at cucumber.runtime.StepDefinitionMatch.runStep(StepDefinitionMatch.java:37)
	at cucumber.runtime.Runtime.runStep(Runtime.java:300)
	at cucumber.runtime.model.StepContainer.runStep(StepContainer.java:44)
	at cucumber.runtime.model.StepContainer.runSteps(StepContainer.java:39)
	at cucumber.runtime.model.CucumberScenario.run(CucumberScenario.java:44)
	at cucumber.runtime.model.CucumberFeature.run(CucumberFeature.java:165)
	at cucumber.api.testng.TestNGCucumberRunner.runCucumber(TestNGCucumberRunner.java:63)
	at cucumber.api.testng.AbstractTestNGCucumberTests.feature(AbstractTestNGCucumberTests.java:21)
	at java.base/jdk.internal.reflect.NativeMethodAccessorImpl.invoke0(Native Method)
	at java.base/jdk.internal.reflect.NativeMethodAccessorImpl.invoke(NativeMethodAccessorImpl.java:62)
	at java.base/jdk.internal.reflect.DelegatingMethodAccessorImpl.invoke(DelegatingMethodAccessorImpl.java:43)
	at java.base/java.lang.reflect.Method.invoke(Method.java:566)
	at org.testng.internal.MethodInvocationHelper.invokeMethod(MethodInvocationHelper.java:86)
	at org.testng.internal.Invoker.invokeMethod(Invoker.java:643)
	at org.testng.internal.Invoker.invokeTestMethod(Invoker.java:820)
	at org.testng.internal.Invoker.invokeTestMethods(Invoker.java:1128)
	at org.testng.internal.TestMethodWorker.invokeTestMethods(TestMethodWorker.java:129)
	at org.testng.internal.TestMethodWorker.run(TestMethodWorker.java:112)
	at org.testng.TestRunner.privateRun(TestRunner.java:782)
	at org.testng.TestRunner.run(TestRunner.java:632)
	at org.testng.SuiteRunner.runTest(SuiteRunner.java:366)
	at org.testng.SuiteRunner.access$000(SuiteRunner.java:39)
	at org.testng.SuiteRunner$SuiteWorker.run(SuiteRunner.java:400)
	at org.testng.internal.thread.ThreadUtil$2.call(ThreadUtil.java:64)
	at java.base/java.util.concurrent.FutureTask.run(FutureTask.java:264)
	at java.base/java.util.concurrent.ThreadPoolExecutor.runWorker(ThreadPoolExecutor.java:1128)
	at java.base/java.util.concurrent.ThreadPoolExecutor$Worker.run(ThreadPoolExecutor.java:628)
	at java.base/java.lang.Thread.run(Thread.java:834)
	at ✽.Given I am in the login page of the application(RegisterNewUser.feature:7)
]]></failure>
</testcase>
<testcase classname="Eribank Application" name="Login to EriBank" time="0.025607">
<failure message="java.lang.NullPointerException&#13;&#10;&#9;at com.CucumberCraft.supportLibraries.DriverManager.getDriver(DriverManager.java:31)&#13;&#10;&#9;at com.CucumberCraft.stepDefinitions.EribankLogin.&lt;init&gt;(EribankLogin.java:16)&#13;&#10;&#9;at java.base/jdk.internal.reflect.NativeConstructorAccessorImpl.newInstance0(Native Method)&#13;&#10;&#9;at java.base/jdk.internal.reflect.NativeConstructorAccessorImpl.newInstance(NativeConstructorAccessorImpl.java:62)&#13;&#10;&#9;at java.base/jdk.internal.reflect.DelegatingConstructorAccessorImpl.newInstance(DelegatingConstructorAccessorImpl.java:45)&#13;&#10;&#9;at java.base/java.lang.reflect.Constructor.newInstance(Constructor.java:490)&#13;&#10;&#9;at org.picocontainer.injectors.AbstractInjector.newInstance(AbstractInjector.java:145)&#13;&#10;&#9;at org.picocontainer.injectors.ConstructorInjector$1.run(ConstructorInjector.java:342)&#13;&#10;&#9;at org.picocontainer.injectors.AbstractInjector$ThreadLocalCyclicDependencyGuard.observe(AbstractInjector.java:270)&#13;&#10;&#9;at org.picocontainer.injectors.ConstructorInjector.getComponentInstance(ConstructorInjector.java:364)&#13;&#10;&#9;at org.picocontainer.behaviors.AbstractBehavior.getComponentInstance(AbstractBehavior.java:64)&#13;&#10;&#9;at org.picocontainer.behaviors.Stored.getComponentInstance(Stored.java:91)&#13;&#10;&#9;at org.picocontainer.DefaultPicoContainer.getInstance(DefaultPicoContainer.java:699)&#13;&#10;&#9;at org.picocontainer.DefaultPicoContainer.getComponent(DefaultPicoContainer.java:647)&#13;&#10;&#9;at org.picocontainer.DefaultPicoContainer.getComponent(DefaultPicoContainer.java:678)&#13;&#10;&#9;at cucumber.runtime.java.picocontainer.PicoFactory.getInstance(PicoFactory.java:37)&#13;&#10;&#9;at cucumber.runtime.java.JavaStepDefinition.execute(JavaStepDefinition.java:38)&#13;&#10;&#9;at cucumber.runtime.StepDefinitionMatch.runStep(StepDefinitionMatch.java:37)&#13;&#10;&#9;at cucumber.runtime.Runtime.runStep(Runtime.java:300)&#13;&#10;&#9;at cucumber.runtime.model.StepContainer.runStep(StepContainer.java:44)&#13;&#10;&#9;at cucumber.runtime.model.StepContainer.runSteps(StepContainer.java:39)&#13;&#10;&#9;at cucumber.runtime.model.CucumberScenario.run(CucumberScenario.java:44)&#13;&#10;&#9;at cucumber.runtime.model.CucumberFeature.run(CucumberFeature.java:165)&#13;&#10;&#9;at cucumber.api.testng.TestNGCucumberRunner.runCucumber(TestNGCucumberRunner.java:63)&#13;&#10;&#9;at cucumber.api.testng.AbstractTestNGCucumberTests.feature(AbstractTestNGCucumberTests.java:21)&#13;&#10;&#9;at java.base/jdk.internal.reflect.NativeMethodAccessorImpl.invoke0(Native Method)&#13;&#10;&#9;at java.base/jdk.internal.reflect.NativeMethodAccessorImpl.invoke(NativeMethodAccessorImpl.java:62)&#13;&#10;&#9;at java.base/jdk.internal.reflect.DelegatingMethodAccessorImpl.invoke(DelegatingMethodAccessorImpl.java:43)&#13;&#10;&#9;at java.base/java.lang.reflect.Method.invoke(Method.java:566)&#13;&#10;&#9;at org.testng.internal.MethodInvocationHelper.invokeMethod(MethodInvocationHelper.java:86)&#13;&#10;&#9;at org.testng.internal.Invoker.invokeMethod(Invoker.java:643)&#13;&#10;&#9;at org.testng.internal.Invoker.invokeTestMethod(Invoker.java:820)&#13;&#10;&#9;at org.testng.internal.Invoker.invokeTestMethods(Invoker.java:1128)&#13;&#10;&#9;at org.testng.internal.TestMethodWorker.invokeTestMethods(TestMethodWorker.java:129)&#13;&#10;&#9;at org.testng.internal.TestMethodWorker.run(TestMethodWorker.java:112)&#13;&#10;&#9;at org.testng.TestRunner.privateRun(TestRunner.java:782)&#13;&#10;&#9;at org.testng.TestRunner.run(TestRunner.java:632)&#13;&#10;&#9;at org.testng.SuiteRunner.runTest(SuiteRunner.java:366)&#13;&#10;&#9;at org.testng.SuiteRunner.access$000(SuiteRunner.java:39)&#13;&#10;&#9;at org.testng.SuiteRunner$SuiteWorker.run(SuiteRunner.java:400)&#13;&#10;&#9;at org.testng.internal.thread.ThreadUtil$2.call(ThreadUtil.java:64)&#13;&#10;&#9;at java.base/java.util.concurrent.FutureTask.run(FutureTask.java:264)&#13;&#10;&#9;at java.base/java.util.concurrent.ThreadPoolExecutor.runWorker(ThreadPoolExecutor.java:1128)&#13;&#10;&#9;at java.base/java.util.concurrent.ThreadPoolExecutor$Worker.run(ThreadPoolExecutor.java:628)&#13;&#10;&#9;at java.base/java.lang.Thread.run(Thread.java:834)&#13;&#10;&#9;at ✽.Given I launch eribank(eribankFeature.feature:5)&#13;&#10;"><![CDATA[Given I launch eribank......................................................failed
When I enter "company" and "company"........................................skipped
Then I click LOGIN..........................................................skipped
And I click LOGOUT..........................................................skipped

StackTrace:
java.lang.NullPointerException
	at com.CucumberCraft.supportLibraries.DriverManager.getDriver(DriverManager.java:31)
	at com.CucumberCraft.stepDefinitions.EribankLogin.<init>(EribankLogin.java:16)
	at java.base/jdk.internal.reflect.NativeConstructorAccessorImpl.newInstance0(Native Method)
	at java.base/jdk.internal.reflect.NativeConstructorAccessorImpl.newInstance(NativeConstructorAccessorImpl.java:62)
	at java.base/jdk.internal.reflect.DelegatingConstructorAccessorImpl.newInstance(DelegatingConstructorAccessorImpl.java:45)
	at java.base/java.lang.reflect.Constructor.newInstance(Constructor.java:490)
	at org.picocontainer.injectors.AbstractInjector.newInstance(AbstractInjector.java:145)
	at org.picocontainer.injectors.ConstructorInjector$1.run(ConstructorInjector.java:342)
	at org.picocontainer.injectors.AbstractInjector$ThreadLocalCyclicDependencyGuard.observe(AbstractInjector.java:270)
	at org.picocontainer.injectors.ConstructorInjector.getComponentInstance(ConstructorInjector.java:364)
	at org.picocontainer.behaviors.AbstractBehavior.getComponentInstance(AbstractBehavior.java:64)
	at org.picocontainer.behaviors.Stored.getComponentInstance(Stored.java:91)
	at org.picocontainer.DefaultPicoContainer.getInstance(DefaultPicoContainer.java:699)
	at org.picocontainer.DefaultPicoContainer.getComponent(DefaultPicoContainer.java:647)
	at org.picocontainer.DefaultPicoContainer.getComponent(DefaultPicoContainer.java:678)
	at cucumber.runtime.java.picocontainer.PicoFactory.getInstance(PicoFactory.java:37)
	at cucumber.runtime.java.JavaStepDefinition.execute(JavaStepDefinition.java:38)
	at cucumber.runtime.StepDefinitionMatch.runStep(StepDefinitionMatch.java:37)
	at cucumber.runtime.Runtime.runStep(Runtime.java:300)
	at cucumber.runtime.model.StepContainer.runStep(StepContainer.java:44)
	at cucumber.runtime.model.StepContainer.runSteps(StepContainer.java:39)
	at cucumber.runtime.model.CucumberScenario.run(CucumberScenario.java:44)
	at cucumber.runtime.model.CucumberFeature.run(CucumberFeature.java:165)
	at cucumber.api.testng.TestNGCucumberRunner.runCucumber(TestNGCucumberRunner.java:63)
	at cucumber.api.testng.AbstractTestNGCucumberTests.feature(AbstractTestNGCucumberTests.java:21)
	at java.base/jdk.internal.reflect.NativeMethodAccessorImpl.invoke0(Native Method)
	at java.base/jdk.internal.reflect.NativeMethodAccessorImpl.invoke(NativeMethodAccessorImpl.java:62)
	at java.base/jdk.internal.reflect.DelegatingMethodAccessorImpl.invoke(DelegatingMethodAccessorImpl.java:43)
	at java.base/java.lang.reflect.Method.invoke(Method.java:566)
	at org.testng.internal.MethodInvocationHelper.invokeMethod(MethodInvocationHelper.java:86)
	at org.testng.internal.Invoker.invokeMethod(Invoker.java:643)
	at org.testng.internal.Invoker.invokeTestMethod(Invoker.java:820)
	at org.testng.internal.Invoker.invokeTestMethods(Invoker.java:1128)
	at org.testng.internal.TestMethodWorker.invokeTestMethods(TestMethodWorker.java:129)
	at org.testng.internal.TestMethodWorker.run(TestMethodWorker.java:112)
	at org.testng.TestRunner.privateRun(TestRunner.java:782)
	at org.testng.TestRunner.run(TestRunner.java:632)
	at org.testng.SuiteRunner.runTest(SuiteRunner.java:366)
	at org.testng.SuiteRunner.access$000(SuiteRunner.java:39)
	at org.testng.SuiteRunner$SuiteWorker.run(SuiteRunner.java:400)
	at org.testng.internal.thread.ThreadUtil$2.call(ThreadUtil.java:64)
	at java.base/java.util.concurrent.FutureTask.run(FutureTask.java:264)
	at java.base/java.util.concurrent.ThreadPoolExecutor.runWorker(ThreadPoolExecutor.java:1128)
	at java.base/java.util.concurrent.ThreadPoolExecutor$Worker.run(ThreadPoolExecutor.java:628)
	at java.base/java.lang.Thread.run(Thread.java:834)
	at ✽.Given I launch eribank(eribankFeature.feature:5)
]]></failure>
</testcase>
<testcase classname="Eribank Application" name="MakePayment" time="0.006947">
<failure message="java.lang.NullPointerException&#13;&#10;&#9;at com.CucumberCraft.supportLibraries.DriverManager.getDriver(DriverManager.java:31)&#13;&#10;&#9;at com.CucumberCraft.stepDefinitions.EribankLogin.&lt;init&gt;(EribankLogin.java:16)&#13;&#10;&#9;at java.base/jdk.internal.reflect.NativeConstructorAccessorImpl.newInstance0(Native Method)&#13;&#10;&#9;at java.base/jdk.internal.reflect.NativeConstructorAccessorImpl.newInstance(NativeConstructorAccessorImpl.java:62)&#13;&#10;&#9;at java.base/jdk.internal.reflect.DelegatingConstructorAccessorImpl.newInstance(DelegatingConstructorAccessorImpl.java:45)&#13;&#10;&#9;at java.base/java.lang.reflect.Constructor.newInstance(Constructor.java:490)&#13;&#10;&#9;at org.picocontainer.injectors.AbstractInjector.newInstance(AbstractInjector.java:145)&#13;&#10;&#9;at org.picocontainer.injectors.ConstructorInjector$1.run(ConstructorInjector.java:342)&#13;&#10;&#9;at org.picocontainer.injectors.AbstractInjector$ThreadLocalCyclicDependencyGuard.observe(AbstractInjector.java:270)&#13;&#10;&#9;at org.picocontainer.injectors.ConstructorInjector.getComponentInstance(ConstructorInjector.java:364)&#13;&#10;&#9;at org.picocontainer.behaviors.AbstractBehavior.getComponentInstance(AbstractBehavior.java:64)&#13;&#10;&#9;at org.picocontainer.behaviors.Stored.getComponentInstance(Stored.java:91)&#13;&#10;&#9;at org.picocontainer.DefaultPicoContainer.getInstance(DefaultPicoContainer.java:699)&#13;&#10;&#9;at org.picocontainer.DefaultPicoContainer.getComponent(DefaultPicoContainer.java:647)&#13;&#10;&#9;at org.picocontainer.DefaultPicoContainer.getComponent(DefaultPicoContainer.java:678)&#13;&#10;&#9;at cucumber.runtime.java.picocontainer.PicoFactory.getInstance(PicoFactory.java:37)&#13;&#10;&#9;at cucumber.runtime.java.JavaStepDefinition.execute(JavaStepDefinition.java:38)&#13;&#10;&#9;at cucumber.runtime.StepDefinitionMatch.runStep(StepDefinitionMatch.java:37)&#13;&#10;&#9;at cucumber.runtime.Runtime.runStep(Runtime.java:300)&#13;&#10;&#9;at cucumber.runtime.model.StepContainer.runStep(StepContainer.java:44)&#13;&#10;&#9;at cucumber.runtime.model.StepContainer.runSteps(StepContainer.java:39)&#13;&#10;&#9;at cucumber.runtime.model.CucumberScenario.run(CucumberScenario.java:44)&#13;&#10;&#9;at cucumber.runtime.model.CucumberScenarioOutline.run(CucumberScenarioOutline.java:46)&#13;&#10;&#9;at cucumber.runtime.model.CucumberFeature.run(CucumberFeature.java:165)&#13;&#10;&#9;at cucumber.api.testng.TestNGCucumberRunner.runCucumber(TestNGCucumberRunner.java:63)&#13;&#10;&#9;at cucumber.api.testng.AbstractTestNGCucumberTests.feature(AbstractTestNGCucumberTests.java:21)&#13;&#10;&#9;at java.base/jdk.internal.reflect.NativeMethodAccessorImpl.invoke0(Native Method)&#13;&#10;&#9;at java.base/jdk.internal.reflect.NativeMethodAccessorImpl.invoke(NativeMethodAccessorImpl.java:62)&#13;&#10;&#9;at java.base/jdk.internal.reflect.DelegatingMethodAccessorImpl.invoke(DelegatingMethodAccessorImpl.java:43)&#13;&#10;&#9;at java.base/java.lang.reflect.Method.invoke(Method.java:566)&#13;&#10;&#9;at org.testng.internal.MethodInvocationHelper.invokeMethod(MethodInvocationHelper.java:86)&#13;&#10;&#9;at org.testng.internal.Invoker.invokeMethod(Invoker.java:643)&#13;&#10;&#9;at org.testng.internal.Invoker.invokeTestMethod(Invoker.java:820)&#13;&#10;&#9;at org.testng.internal.Invoker.invokeTestMethods(Invoker.java:1128)&#13;&#10;&#9;at org.testng.internal.TestMethodWorker.invokeTestMethods(TestMethodWorker.java:129)&#13;&#10;&#9;at org.testng.internal.TestMethodWorker.run(TestMethodWorker.java:112)&#13;&#10;&#9;at org.testng.TestRunner.privateRun(TestRunner.java:782)&#13;&#10;&#9;at org.testng.TestRunner.run(TestRunner.java:632)&#13;&#10;&#9;at org.testng.SuiteRunner.runTest(SuiteRunner.java:366)&#13;&#10;&#9;at org.testng.SuiteRunner.access$000(SuiteRunner.java:39)&#13;&#10;&#9;at org.testng.SuiteRunner$SuiteWorker.run(SuiteRunner.java:400)&#13;&#10;&#9;at org.testng.internal.thread.ThreadUtil$2.call(ThreadUtil.java:64)&#13;&#10;&#9;at java.base/java.util.concurrent.FutureTask.run(FutureTask.java:264)&#13;&#10;&#9;at java.base/java.util.concurrent.ThreadPoolExecutor.runWorker(ThreadPoolExecutor.java:1128)&#13;&#10;&#9;at java.base/java.util.concurrent.ThreadPoolExecutor$Worker.run(ThreadPoolExecutor.java:628)&#13;&#10;&#9;at java.base/java.lang.Thread.run(Thread.java:834)&#13;&#10;&#9;at ✽.Given I launch eribank(eribankFeature.feature:12)&#13;&#10;"><![CDATA[Given I launch eribank......................................................failed
When I enter "company" and "company"........................................skipped
Then I click LOGIN..........................................................skipped
When I click Make Payment...................................................skipped
And I enter Phone number as "9876543210" name as "kasthuri" Amount as "10000".skipped
Then I select country as "India"............................................skipped
And click Send Payment......................................................skipped
And I click LOGOUT..........................................................skipped

StackTrace:
java.lang.NullPointerException
	at com.CucumberCraft.supportLibraries.DriverManager.getDriver(DriverManager.java:31)
	at com.CucumberCraft.stepDefinitions.EribankLogin.<init>(EribankLogin.java:16)
	at java.base/jdk.internal.reflect.NativeConstructorAccessorImpl.newInstance0(Native Method)
	at java.base/jdk.internal.reflect.NativeConstructorAccessorImpl.newInstance(NativeConstructorAccessorImpl.java:62)
	at java.base/jdk.internal.reflect.DelegatingConstructorAccessorImpl.newInstance(DelegatingConstructorAccessorImpl.java:45)
	at java.base/java.lang.reflect.Constructor.newInstance(Constructor.java:490)
	at org.picocontainer.injectors.AbstractInjector.newInstance(AbstractInjector.java:145)
	at org.picocontainer.injectors.ConstructorInjector$1.run(ConstructorInjector.java:342)
	at org.picocontainer.injectors.AbstractInjector$ThreadLocalCyclicDependencyGuard.observe(AbstractInjector.java:270)
	at org.picocontainer.injectors.ConstructorInjector.getComponentInstance(ConstructorInjector.java:364)
	at org.picocontainer.behaviors.AbstractBehavior.getComponentInstance(AbstractBehavior.java:64)
	at org.picocontainer.behaviors.Stored.getComponentInstance(Stored.java:91)
	at org.picocontainer.DefaultPicoContainer.getInstance(DefaultPicoContainer.java:699)
	at org.picocontainer.DefaultPicoContainer.getComponent(DefaultPicoContainer.java:647)
	at org.picocontainer.DefaultPicoContainer.getComponent(DefaultPicoContainer.java:678)
	at cucumber.runtime.java.picocontainer.PicoFactory.getInstance(PicoFactory.java:37)
	at cucumber.runtime.java.JavaStepDefinition.execute(JavaStepDefinition.java:38)
	at cucumber.runtime.StepDefinitionMatch.runStep(StepDefinitionMatch.java:37)
	at cucumber.runtime.Runtime.runStep(Runtime.java:300)
	at cucumber.runtime.model.StepContainer.runStep(StepContainer.java:44)
	at cucumber.runtime.model.StepContainer.runSteps(StepContainer.java:39)
	at cucumber.runtime.model.CucumberScenario.run(CucumberScenario.java:44)
	at cucumber.runtime.model.CucumberScenarioOutline.run(CucumberScenarioOutline.java:46)
	at cucumber.runtime.model.CucumberFeature.run(CucumberFeature.java:165)
	at cucumber.api.testng.TestNGCucumberRunner.runCucumber(TestNGCucumberRunner.java:63)
	at cucumber.api.testng.AbstractTestNGCucumberTests.feature(AbstractTestNGCucumberTests.java:21)
	at java.base/jdk.internal.reflect.NativeMethodAccessorImpl.invoke0(Native Method)
	at java.base/jdk.internal.reflect.NativeMethodAccessorImpl.invoke(NativeMethodAccessorImpl.java:62)
	at java.base/jdk.internal.reflect.DelegatingMethodAccessorImpl.invoke(DelegatingMethodAccessorImpl.java:43)
	at java.base/java.lang.reflect.Method.invoke(Method.java:566)
	at org.testng.internal.MethodInvocationHelper.invokeMethod(MethodInvocationHelper.java:86)
	at org.testng.internal.Invoker.invokeMethod(Invoker.java:643)
	at org.testng.internal.Invoker.invokeTestMethod(Invoker.java:820)
	at org.testng.internal.Invoker.invokeTestMethods(Invoker.java:1128)
	at org.testng.internal.TestMethodWorker.invokeTestMethods(TestMethodWorker.java:129)
	at org.testng.internal.TestMethodWorker.run(TestMethodWorker.java:112)
	at org.testng.TestRunner.privateRun(TestRunner.java:782)
	at org.testng.TestRunner.run(TestRunner.java:632)
	at org.testng.SuiteRunner.runTest(SuiteRunner.java:366)
	at org.testng.SuiteRunner.access$000(SuiteRunner.java:39)
	at org.testng.SuiteRunner$SuiteWorker.run(SuiteRunner.java:400)
	at org.testng.internal.thread.ThreadUtil$2.call(ThreadUtil.java:64)
	at java.base/java.util.concurrent.FutureTask.run(FutureTask.java:264)
	at java.base/java.util.concurrent.ThreadPoolExecutor.runWorker(ThreadPoolExecutor.java:1128)
	at java.base/java.util.concurrent.ThreadPoolExecutor$Worker.run(ThreadPoolExecutor.java:628)
	at java.base/java.lang.Thread.run(Thread.java:834)
	at ✽.Given I launch eribank(eribankFeature.feature:12)
]]></failure>
</testcase>
<testcase classname="Eribank Application" name="MakePayment_2" time="0.009293">
<failure message="java.lang.NullPointerException&#13;&#10;&#9;at com.CucumberCraft.supportLibraries.DriverManager.getDriver(DriverManager.java:31)&#13;&#10;&#9;at com.CucumberCraft.stepDefinitions.EribankLogin.&lt;init&gt;(EribankLogin.java:16)&#13;&#10;&#9;at java.base/jdk.internal.reflect.NativeConstructorAccessorImpl.newInstance0(Native Method)&#13;&#10;&#9;at java.base/jdk.internal.reflect.NativeConstructorAccessorImpl.newInstance(NativeConstructorAccessorImpl.java:62)&#13;&#10;&#9;at java.base/jdk.internal.reflect.DelegatingConstructorAccessorImpl.newInstance(DelegatingConstructorAccessorImpl.java:45)&#13;&#10;&#9;at java.base/java.lang.reflect.Constructor.newInstance(Constructor.java:490)&#13;&#10;&#9;at org.picocontainer.injectors.AbstractInjector.newInstance(AbstractInjector.java:145)&#13;&#10;&#9;at org.picocontainer.injectors.ConstructorInjector$1.run(ConstructorInjector.java:342)&#13;&#10;&#9;at org.picocontainer.injectors.AbstractInjector$ThreadLocalCyclicDependencyGuard.observe(AbstractInjector.java:270)&#13;&#10;&#9;at org.picocontainer.injectors.ConstructorInjector.getComponentInstance(ConstructorInjector.java:364)&#13;&#10;&#9;at org.picocontainer.behaviors.AbstractBehavior.getComponentInstance(AbstractBehavior.java:64)&#13;&#10;&#9;at org.picocontainer.behaviors.Stored.getComponentInstance(Stored.java:91)&#13;&#10;&#9;at org.picocontainer.DefaultPicoContainer.getInstance(DefaultPicoContainer.java:699)&#13;&#10;&#9;at org.picocontainer.DefaultPicoContainer.getComponent(DefaultPicoContainer.java:647)&#13;&#10;&#9;at org.picocontainer.DefaultPicoContainer.getComponent(DefaultPicoContainer.java:678)&#13;&#10;&#9;at cucumber.runtime.java.picocontainer.PicoFactory.getInstance(PicoFactory.java:37)&#13;&#10;&#9;at cucumber.runtime.java.JavaStepDefinition.execute(JavaStepDefinition.java:38)&#13;&#10;&#9;at cucumber.runtime.StepDefinitionMatch.runStep(StepDefinitionMatch.java:37)&#13;&#10;&#9;at cucumber.runtime.Runtime.runStep(Runtime.java:300)&#13;&#10;&#9;at cucumber.runtime.model.StepContainer.runStep(StepContainer.java:44)&#13;&#10;&#9;at cucumber.runtime.model.StepContainer.runSteps(StepContainer.java:39)&#13;&#10;&#9;at cucumber.runtime.model.CucumberScenario.run(CucumberScenario.java:44)&#13;&#10;&#9;at cucumber.runtime.model.CucumberScenarioOutline.run(CucumberScenarioOutline.java:46)&#13;&#10;&#9;at cucumber.runtime.model.CucumberFeature.run(CucumberFeature.java:165)&#13;&#10;&#9;at cucumber.api.testng.TestNGCucumberRunner.runCucumber(TestNGCucumberRunner.java:63)&#13;&#10;&#9;at cucumber.api.testng.AbstractTestNGCucumberTests.feature(AbstractTestNGCucumberTests.java:21)&#13;&#10;&#9;at java.base/jdk.internal.reflect.NativeMethodAccessorImpl.invoke0(Native Method)&#13;&#10;&#9;at java.base/jdk.internal.reflect.NativeMethodAccessorImpl.invoke(NativeMethodAccessorImpl.java:62)&#13;&#10;&#9;at java.base/jdk.internal.reflect.DelegatingMethodAccessorImpl.invoke(DelegatingMethodAccessorImpl.java:43)&#13;&#10;&#9;at java.base/java.lang.reflect.Method.invoke(Method.java:566)&#13;&#10;&#9;at org.testng.internal.MethodInvocationHelper.invokeMethod(MethodInvocationHelper.java:86)&#13;&#10;&#9;at org.testng.internal.Invoker.invokeMethod(Invoker.java:643)&#13;&#10;&#9;at org.testng.internal.Invoker.invokeTestMethod(Invoker.java:820)&#13;&#10;&#9;at org.testng.internal.Invoker.invokeTestMethods(Invoker.java:1128)&#13;&#10;&#9;at org.testng.internal.TestMethodWorker.invokeTestMethods(TestMethodWorker.java:129)&#13;&#10;&#9;at org.testng.internal.TestMethodWorker.run(TestMethodWorker.java:112)&#13;&#10;&#9;at org.testng.TestRunner.privateRun(TestRunner.java:782)&#13;&#10;&#9;at org.testng.TestRunner.run(TestRunner.java:632)&#13;&#10;&#9;at org.testng.SuiteRunner.runTest(SuiteRunner.java:366)&#13;&#10;&#9;at org.testng.SuiteRunner.access$000(SuiteRunner.java:39)&#13;&#10;&#9;at org.testng.SuiteRunner$SuiteWorker.run(SuiteRunner.java:400)&#13;&#10;&#9;at org.testng.internal.thread.ThreadUtil$2.call(ThreadUtil.java:64)&#13;&#10;&#9;at java.base/java.util.concurrent.FutureTask.run(FutureTask.java:264)&#13;&#10;&#9;at java.base/java.util.concurrent.ThreadPoolExecutor.runWorker(ThreadPoolExecutor.java:1128)&#13;&#10;&#9;at java.base/java.util.concurrent.ThreadPoolExecutor$Worker.run(ThreadPoolExecutor.java:628)&#13;&#10;&#9;at java.base/java.lang.Thread.run(Thread.java:834)&#13;&#10;&#9;at ✽.Given I launch eribank(eribankFeature.feature:12)&#13;&#10;"><![CDATA[Given I launch eribank......................................................failed
When I enter "company" and "company"........................................skipped
Then I click LOGIN..........................................................skipped
When I click Make Payment...................................................skipped
And I enter Phone number as "123456" name as "nizam" Amount as "10000"......skipped
Then I select country as "USA"..............................................skipped
And click Send Payment......................................................skipped
And I click LOGOUT..........................................................skipped

StackTrace:
java.lang.NullPointerException
	at com.CucumberCraft.supportLibraries.DriverManager.getDriver(DriverManager.java:31)
	at com.CucumberCraft.stepDefinitions.EribankLogin.<init>(EribankLogin.java:16)
	at java.base/jdk.internal.reflect.NativeConstructorAccessorImpl.newInstance0(Native Method)
	at java.base/jdk.internal.reflect.NativeConstructorAccessorImpl.newInstance(NativeConstructorAccessorImpl.java:62)
	at java.base/jdk.internal.reflect.DelegatingConstructorAccessorImpl.newInstance(DelegatingConstructorAccessorImpl.java:45)
	at java.base/java.lang.reflect.Constructor.newInstance(Constructor.java:490)
	at org.picocontainer.injectors.AbstractInjector.newInstance(AbstractInjector.java:145)
	at org.picocontainer.injectors.ConstructorInjector$1.run(ConstructorInjector.java:342)
	at org.picocontainer.injectors.AbstractInjector$ThreadLocalCyclicDependencyGuard.observe(AbstractInjector.java:270)
	at org.picocontainer.injectors.ConstructorInjector.getComponentInstance(ConstructorInjector.java:364)
	at org.picocontainer.behaviors.AbstractBehavior.getComponentInstance(AbstractBehavior.java:64)
	at org.picocontainer.behaviors.Stored.getComponentInstance(Stored.java:91)
	at org.picocontainer.DefaultPicoContainer.getInstance(DefaultPicoContainer.java:699)
	at org.picocontainer.DefaultPicoContainer.getComponent(DefaultPicoContainer.java:647)
	at org.picocontainer.DefaultPicoContainer.getComponent(DefaultPicoContainer.java:678)
	at cucumber.runtime.java.picocontainer.PicoFactory.getInstance(PicoFactory.java:37)
	at cucumber.runtime.java.JavaStepDefinition.execute(JavaStepDefinition.java:38)
	at cucumber.runtime.StepDefinitionMatch.runStep(StepDefinitionMatch.java:37)
	at cucumber.runtime.Runtime.runStep(Runtime.java:300)
	at cucumber.runtime.model.StepContainer.runStep(StepContainer.java:44)
	at cucumber.runtime.model.StepContainer.runSteps(StepContainer.java:39)
	at cucumber.runtime.model.CucumberScenario.run(CucumberScenario.java:44)
	at cucumber.runtime.model.CucumberScenarioOutline.run(CucumberScenarioOutline.java:46)
	at cucumber.runtime.model.CucumberFeature.run(CucumberFeature.java:165)
	at cucumber.api.testng.TestNGCucumberRunner.runCucumber(TestNGCucumberRunner.java:63)
	at cucumber.api.testng.AbstractTestNGCucumberTests.feature(AbstractTestNGCucumberTests.java:21)
	at java.base/jdk.internal.reflect.NativeMethodAccessorImpl.invoke0(Native Method)
	at java.base/jdk.internal.reflect.NativeMethodAccessorImpl.invoke(NativeMethodAccessorImpl.java:62)
	at java.base/jdk.internal.reflect.DelegatingMethodAccessorImpl.invoke(DelegatingMethodAccessorImpl.java:43)
	at java.base/java.lang.reflect.Method.invoke(Method.java:566)
	at org.testng.internal.MethodInvocationHelper.invokeMethod(MethodInvocationHelper.java:86)
	at org.testng.internal.Invoker.invokeMethod(Invoker.java:643)
	at org.testng.internal.Invoker.invokeTestMethod(Invoker.java:820)
	at org.testng.internal.Invoker.invokeTestMethods(Invoker.java:1128)
	at org.testng.internal.TestMethodWorker.invokeTestMethods(TestMethodWorker.java:129)
	at org.testng.internal.TestMethodWorker.run(TestMethodWorker.java:112)
	at org.testng.TestRunner.privateRun(TestRunner.java:782)
	at org.testng.TestRunner.run(TestRunner.java:632)
	at org.testng.SuiteRunner.runTest(SuiteRunner.java:366)
	at org.testng.SuiteRunner.access$000(SuiteRunner.java:39)
	at org.testng.SuiteRunner$SuiteWorker.run(SuiteRunner.java:400)
	at org.testng.internal.thread.ThreadUtil$2.call(ThreadUtil.java:64)
	at java.base/java.util.concurrent.FutureTask.run(FutureTask.java:264)
	at java.base/java.util.concurrent.ThreadPoolExecutor.runWorker(ThreadPoolExecutor.java:1128)
	at java.base/java.util.concurrent.ThreadPoolExecutor$Worker.run(ThreadPoolExecutor.java:628)
	at java.base/java.lang.Thread.run(Thread.java:834)
	at ✽.Given I launch eribank(eribankFeature.feature:12)
]]></failure>
</testcase>
</testsuite>
